<?xml version="1.0" encoding="UTF-8"?>
<!-- Generated by org.testng.reporters.JUnitReportReporter -->
<testsuite skipped="0" hostname="GOOD-PC" name="com.google.crm.script.LoginTest" tests="2" failures="0" timestamp="22 Mar 2020 14:13:26 GMT" time="2.068" errors="0">
  <testcase name="validatetitle" time="0.126" classname="com.google.crm.script.LoginTest"/>
  <testcase name="validatelogin" time="1.942" classname="com.google.crm.script.LoginTest"/>
</testsuite> <!-- com.google.crm.script.LoginTest -->
